<?xml version="1.0" encoding="UTF-8"?>
<testng-results skipped="0" failed="1" total="1" passed="0">
  <reporter-output>
  </reporter-output>
  <suite name="Default suite" duration-ms="129" started-at="2018-03-21T06:32:12Z" finished-at="2018-03-21T06:32:13Z">
    <groups>
    </groups>
    <test name="Default test" duration-ms="129" started-at="2018-03-21T06:32:12Z" finished-at="2018-03-21T06:32:13Z">
      <class name="com.assignment.Jersey.JerseyClientLiveTest">
        <test-method status="FAIL" signature="givenCorrectObject_whenCorrectJsonRequest_thenResponseCodeCreated()[pri:0, instance:com.assignment.Jersey.JerseyClientLiveTest@57536d79]" name="givenCorrectObject_whenCorrectJsonRequest_thenResponseCodeCreated" duration-ms="100" started-at="2018-03-21T12:02:12Z" finished-at="2018-03-21T12:02:13Z">
          <exception class="java.lang.NoSuchMethodError">
            <message>
              <![CDATA[javax.ws.rs.core.MultivaluedMap.addAll(Ljava/lang/Object;[Ljava/lang/Object;)V]]>
            </message>
            <full-stacktrace>
              <![CDATA[java.lang.NoSuchMethodError: javax.ws.rs.core.MultivaluedMap.addAll(Ljava/lang/Object;[Ljava/lang/Object;)V
	at org.glassfish.jersey.client.ClientRequest.accept(ClientRequest.java:336)
	at org.glassfish.jersey.client.JerseyWebTarget.request(JerseyWebTarget.java:221)
	at org.glassfish.jersey.client.JerseyWebTarget.request(JerseyWebTarget.java:59)
	at com.assignment.Jersey.RestClient.createJsonOrders(RestClient.java:24)
	at com.assignment.Jersey.JerseyClientLiveTest.givenCorrectObject_whenCorrectJsonRequest_thenResponseCodeCreated(JerseyClientLiveTest.java:14)
	at sun.reflect.NativeMethodAccessorImpl.invoke0(Native Method)
	at sun.reflect.NativeMethodAccessorImpl.invoke(NativeMethodAccessorImpl.java:62)
	at sun.reflect.DelegatingMethodAccessorImpl.invoke(DelegatingMethodAccessorImpl.java:43)
	at java.lang.reflect.Method.invoke(Method.java:498)
	at org.testng.internal.MethodInvocationHelper.invokeMethod(MethodInvocationHelper.java:80)
	at org.testng.internal.Invoker.invokeMethod(Invoker.java:714)
	at org.testng.internal.Invoker.invokeTestMethod(Invoker.java:901)
	at org.testng.internal.Invoker.invokeTestMethods(Invoker.java:1231)
	at org.testng.internal.TestMethodWorker.invokeTestMethods(TestMethodWorker.java:127)
	at org.testng.internal.TestMethodWorker.run(TestMethodWorker.java:111)
	at org.testng.TestRunner.privateRun(TestRunner.java:767)
	at org.testng.TestRunner.run(TestRunner.java:617)
	at org.testng.SuiteRunner.runTest(SuiteRunner.java:334)
	at org.testng.SuiteRunner.runSequentially(SuiteRunner.java:329)
	at org.testng.SuiteRunner.privateRun(SuiteRunner.java:291)
	at org.testng.SuiteRunner.run(SuiteRunner.java:240)
	at org.testng.SuiteRunnerWorker.runSuite(SuiteRunnerWorker.java:52)
	at org.testng.SuiteRunnerWorker.run(SuiteRunnerWorker.java:86)
	at org.testng.TestNG.runSuitesSequentially(TestNG.java:1198)
	at org.testng.TestNG.runSuitesLocally(TestNG.java:1123)
	at org.testng.TestNG.run(TestNG.java:1031)
	at org.testng.remote.AbstractRemoteTestNG.run(AbstractRemoteTestNG.java:114)
	at org.testng.remote.RemoteTestNG.initAndRun(RemoteTestNG.java:251)
	at org.testng.remote.RemoteTestNG.main(RemoteTestNG.java:77)
]]>
            </full-stacktrace>
          </exception> <!-- java.lang.NoSuchMethodError -->
          <reporter-output>
          </reporter-output>
        </test-method> <!-- givenCorrectObject_whenCorrectJsonRequest_thenResponseCodeCreated -->
      </class> <!-- com.assignment.Jersey.JerseyClientLiveTest -->
    </test> <!-- Default test -->
  </suite> <!-- Default suite -->
</testng-results>
