<?xml version="1.0" encoding="UTF-8"?>
<testng-results skipped="0" failed="0" total="1" passed="1">
  <reporter-output>
  </reporter-output>
  <suite name="Default suite" duration-ms="32080" started-at="2018-04-06T09:00:04Z" finished-at="2018-04-06T09:00:36Z">
    <groups>
    </groups>
    <test name="Default test" duration-ms="32080" started-at="2018-04-06T09:00:04Z" finished-at="2018-04-06T09:00:36Z">
      <class name="scenarios.HomePageTest">
        <test-method status="PASS" signature="setup()[pri:0, instance:scenarios.HomePageTest@39aeed2f]" name="setup" is-config="true" duration-ms="27194" started-at="2018-04-06T14:30:04Z" finished-at="2018-04-06T14:30:31Z">
          <reporter-output>
          </reporter-output>
        </test-method> <!-- setup -->
        <test-method status="PASS" signature="verifyskipsigup()[pri:0, instance:scenarios.HomePageTest@39aeed2f]" name="verifyskipsigup" duration-ms="4867" started-at="2018-04-06T14:30:31Z" finished-at="2018-04-06T14:30:36Z">
          <reporter-output>
          </reporter-output>
        </test-method> <!-- verifyskipsigup -->
      </class> <!-- scenarios.HomePageTest -->
    </test> <!-- Default test -->
  </suite> <!-- Default suite -->
</testng-results>
